<?xml version="1.0" encoding="UTF-8"?>
<testng-results ignored="0" total="2" passed="2" failed="0" skipped="0">
  <reporter-output>
  </reporter-output>
  <suite started-at="2023-11-22T23:57:09 CST" name="Default suite" finished-at="2023-11-22T23:57:21 CST" duration-ms="11614">
    <groups>
    </groups>
    <test started-at="2023-11-22T23:57:09 CST" name="Default test" finished-at="2023-11-22T23:57:21 CST" duration-ms="11614">
      <class name="seleniumScript.TestWebCrearNoticia">
        <test-method is-config="true" signature="invocarNavegador()[pri:0, instance:seleniumScript.TestWebCrearNoticia@769f71a9]" started-at="2023-11-22T23:57:09 CST" name="invocarNavegador" finished-at="2023-11-22T23:57:11 CST" duration-ms="1520" status="PASS">
          <reporter-output>
          </reporter-output>
        </test-method> <!-- invocarNavegador -->
        <test-method signature="verificarLoginAseisNews()[pri:0, instance:seleniumScript.TestWebCrearNoticia@769f71a9]" started-at="2023-11-22T23:57:11 CST" name="verificarLoginAseisNews" finished-at="2023-11-22T23:57:13 CST" duration-ms="2336" status="PASS">
          <reporter-output>
          </reporter-output>
        </test-method> <!-- verificarLoginAseisNews -->
        <test-method signature="crearNoticia()[pri:1, instance:seleniumScript.TestWebCrearNoticia@769f71a9]" started-at="2023-11-22T23:57:13 CST" name="crearNoticia" finished-at="2023-11-22T23:57:21 CST" duration-ms="7583" status="PASS">
          <reporter-output>
          </reporter-output>
        </test-method> <!-- crearNoticia -->
        <test-method is-config="true" signature="cerrarNavegador()[pri:0, instance:seleniumScript.TestWebCrearNoticia@769f71a9]" started-at="2023-11-22T23:57:21 CST" name="cerrarNavegador" finished-at="2023-11-22T23:57:21 CST" duration-ms="153" status="PASS">
          <reporter-output>
          </reporter-output>
        </test-method> <!-- cerrarNavegador -->
      </class> <!-- seleniumScript.TestWebCrearNoticia -->
    </test> <!-- Default test -->
  </suite> <!-- Default suite -->
</testng-results>
